<?xml version="1.0" encoding="UTF-8"?>
<!-- Generated by org.testng.reporters.JUnitXMLReporter -->
<testsuite ignored="0" hostname="JCI-MH68" failures="1" tests="6" name="CMS App Test Cases" time="162.656" errors="0" timestamp="2023-01-06T10:06:17 IST">
  <testcase classname="com.csm.qa.test.IDCPagetest" name="DeleteData" time="5.394"/>
  <testcase classname="com.csm.qa.test.IDCPagetest" name="UpdateData" time="13.075"/>
  <testcase classname="com.csm.qa.test.IDCPagetest" name="Validate_DuplicateData" time="20.534">
    <failure type="org.openqa.selenium.TimeoutException" message="timeout: Timed out receiving message from renderer: 20.000
  (Session info: chrome=108.0.5359.125)
Build info: version: &amp;apos;4.7.2&amp;apos;, revision: &amp;apos;4d4020c3b7&amp;apos;
System info: os.name: &amp;apos;Windows 10&amp;apos;, os.arch: &amp;apos;amd64&amp;apos;, os.version: &amp;apos;10.0&amp;apos;, java.version: &amp;apos;17.0.4.1&amp;apos;
Driver info: org.openqa.selenium.chrome.ChromeDriver
Command: [bf3cf21c2ab1f3d6860bc6f4ffb724e9, clickElement {id=356fe915-a265-4657-a393-6e36c33609e1}]
Capabilities {acceptInsecureCerts: false, browserName: chrome, browserVersion: 108.0.5359.125, chrome: {chromedriverVersion: 108.0.5359.71 (1e0e3868ee06..., userDataDir: C:\Users\106-3249\AppData\L...}, goog:chromeOptions: {debuggerAddress: localhost:52666}, networkConnectionEnabled: false, pageLoadStrategy: normal, platformName: WINDOWS, proxy: Proxy(), se:cdp: ws://localhost:52666/devtoo..., se:cdpVersion: 108.0.5359.125, setWindowRect: true, strictFileInteractability: false, timeouts: {implicit: 0, pageLoad: 300000, script: 30000}, unhandledPromptBehavior: dismiss and notify, webauthn:extension:credBlob: true, webauthn:extension:largeBlob: true, webauthn:virtualAuthenticators: true}
Element: [[ChromeDriver: chrome on WINDOWS (bf3cf21c2ab1f3d6860bc6f4ffb724e9)] -&amp;gt; xpath: //*[@title=&amp;apos;IDC&amp;apos;]]
Session ID: bf3cf21c2ab1f3d6860bc6f4ffb724e9">
      <![CDATA[org.openqa.selenium.TimeoutException: timeout: Timed out receiving message from renderer: 20.000
  (Session info: chrome=108.0.5359.125)
Build info: version: '4.7.2', revision: '4d4020c3b7'
System info: os.name: 'Windows 10', os.arch: 'amd64', os.version: '10.0', java.version: '17.0.4.1'
Driver info: org.openqa.selenium.chrome.ChromeDriver
Command: [bf3cf21c2ab1f3d6860bc6f4ffb724e9, clickElement {id=356fe915-a265-4657-a393-6e36c33609e1}]
Capabilities {acceptInsecureCerts: false, browserName: chrome, browserVersion: 108.0.5359.125, chrome: {chromedriverVersion: 108.0.5359.71 (1e0e3868ee06..., userDataDir: C:\Users\106-3249\AppData\L...}, goog:chromeOptions: {debuggerAddress: localhost:52666}, networkConnectionEnabled: false, pageLoadStrategy: normal, platformName: WINDOWS, proxy: Proxy(), se:cdp: ws://localhost:52666/devtoo..., se:cdpVersion: 108.0.5359.125, setWindowRect: true, strictFileInteractability: false, timeouts: {implicit: 0, pageLoad: 300000, script: 30000}, unhandledPromptBehavior: dismiss and notify, webauthn:extension:credBlob: true, webauthn:extension:largeBlob: true, webauthn:virtualAuthenticators: true}
Element: [[ChromeDriver: chrome on WINDOWS (bf3cf21c2ab1f3d6860bc6f4ffb724e9)] -> xpath: //*[@title='IDC']]
Session ID: bf3cf21c2ab1f3d6860bc6f4ffb724e9
at org.openqa.selenium.remote.codec.w3c.W3CHttpResponseCodec.createException(W3CHttpResponseCodec.java:200)
at org.openqa.selenium.remote.codec.w3c.W3CHttpResponseCodec.decode(W3CHttpResponseCodec.java:133)
at org.openqa.selenium.remote.codec.w3c.W3CHttpResponseCodec.decode(W3CHttpResponseCodec.java:53)
at org.openqa.selenium.remote.HttpCommandExecutor.execute(HttpCommandExecutor.java:184)
at org.openqa.selenium.remote.service.DriverCommandExecutor.invokeExecute(DriverCommandExecutor.java:167)
at org.openqa.selenium.remote.service.DriverCommandExecutor.execute(DriverCommandExecutor.java:142)
at org.openqa.selenium.remote.RemoteWebDriver.execute(RemoteWebDriver.java:535)
at org.openqa.selenium.remote.RemoteWebElement.execute(RemoteWebElement.java:257)
at org.openqa.selenium.remote.RemoteWebElement.click(RemoteWebElement.java:78)
at org.openqa.selenium.support.pagefactory.internal.LocatingElementHandler.invoke(LocatingElementHandler.java:52)
at jdk.proxy2/jdk.proxy2.$Proxy15.click(Unknown Source)
at com.csm.qa.pages.HomePage.clickOnIDC(HomePage.java:55)
at com.csm.qa.test.IDCPagetest.clickflangetighteningMatrix(IDCPagetest.java:65)
at com.csm.qa.test.IDCPagetest.Validate_DuplicateData(IDCPagetest.java:121)
at java.base/java.util.ArrayList.forEach(ArrayList.java:1511)
... Removed 35 stack frames]]>
    </failure>
  </testcase> <!-- Validate_DuplicateData -->
  <testcase classname="com.csm.qa.test.IDCPagetest" name="clickflangetighteningMatrix" time="10.029"/>
  <testcase classname="com.csm.qa.test.IDCPagetest" name="clickunitMaster" time="15.254"/>
  <testcase classname="com.csm.qa.test.IDCPagetest" name="createData" time="38.811"/>
</testsuite> <!-- CMS App Test Cases -->
